<?xml version="1.0" encoding="UTF-8"?>
<!-- Generated by org.testng.reporters.JUnitXMLReporter -->
<testsuite ignored="0" hostname="LAPTOP-DNKIU4HO" failures="0" tests="3" name="Default test" time="3.236" errors="0" timestamp="2024-07-03T09:45:16 IST">
  <testcase classname="DynamicJSONWithMultipleDataSet" name="addBook" time="1.862"/>
  <testcase classname="DynamicJSONWithMultipleDataSet" name="addBook" time="0.105"/>
  <testcase classname="DynamicJSONWithMultipleDataSet" name="addBook" time="1.228"/>
</testsuite> <!-- Default test -->
