<?xml version="1.0" encoding="UTF-8"?>
<testng-results ignored="0" total="3" passed="3" failed="0" skipped="0">
  <reporter-output>
  </reporter-output>
  <suite started-at="2024-07-03T09:45:13 IST" name="Default suite" finished-at="2024-07-03T09:45:16 IST" duration-ms="3236">
    <groups>
    </groups>
    <test started-at="2024-07-03T09:45:13 IST" name="Default test" finished-at="2024-07-03T09:45:16 IST" duration-ms="3236">
      <class name="DynamicJSONWithMultipleDataSet">
        <test-method signature="addBook(java.lang.String,java.lang.String)[pri:0, instance:DynamicJSONWithMultipleDataSet@57cf54e1]" started-at="2024-07-03T09:45:13 IST" name="addBook" data-provider="BooksData" finished-at="2024-07-03T09:45:15 IST" duration-ms="1862" status="PASS">
          <params>
            <param index="0">
              <value>
                <![CDATA[abc]]>
              </value>
            </param>
            <param index="1">
              <value>
                <![CDATA[123]]>
              </value>
            </param>
          </params>
          <reporter-output>
          </reporter-output>
        </test-method> <!-- addBook -->
        <test-method signature="addBook(java.lang.String,java.lang.String)[pri:0, instance:DynamicJSONWithMultipleDataSet@57cf54e1]" started-at="2024-07-03T09:45:15 IST" name="addBook" data-provider="BooksData" finished-at="2024-07-03T09:45:15 IST" duration-ms="105" status="PASS">
          <params>
            <param index="0">
              <value>
                <![CDATA[def]]>
              </value>
            </param>
            <param index="1">
              <value>
                <![CDATA[456]]>
              </value>
            </param>
          </params>
          <reporter-output>
          </reporter-output>
        </test-method> <!-- addBook -->
        <test-method signature="addBook(java.lang.String,java.lang.String)[pri:0, instance:DynamicJSONWithMultipleDataSet@57cf54e1]" started-at="2024-07-03T09:45:15 IST" name="addBook" data-provider="BooksData" finished-at="2024-07-03T09:45:16 IST" duration-ms="1228" status="PASS">
          <params>
            <param index="0">
              <value>
                <![CDATA[ghi]]>
              </value>
            </param>
            <param index="1">
              <value>
                <![CDATA[789]]>
              </value>
            </param>
          </params>
          <reporter-output>
          </reporter-output>
        </test-method> <!-- addBook -->
      </class> <!-- DynamicJSONWithMultipleDataSet -->
    </test> <!-- Default test -->
  </suite> <!-- Default suite -->
</testng-results>
